# JRE version: OpenJDK Runtime Environment (8.0_302-b08) (build 1.8.0_302-b08)
# Java VM: OpenJDK 64-Bit Server VM (25.302-b08 mixed mode windows-amd64 compressed oops)
Heap:
 PSYoungGen      total 141824K, used 5195K [0x000000076b180000, 0x000000077c680000, 0x00000007c0000000)
  eden space 131072K, 3% used [0x000000076b180000,0x000000076b692ec8,0x0000000773180000)
  from space 10752K, 0% used [0x0000000773180000,0x0000000773180000,0x0000000773c00000)
  to   space 10752K, 0% used [0x000000077bc00000,0x000000077bc00000,0x000000077c680000)
 ParOldGen       total 144896K, used 20577K [0x00000006c1400000, 0x00000006ca180000, 0x000000076b180000)
  object space 144896K, 14% used [0x00000006c1400000,0x00000006c28187a8,0x00000006ca180000)
 Metaspace       used 21221K, capacity 21420K, committed 21504K, reserved 1069056K
  class space    used 2684K, capacity 2750K, committed 2816K, reserved 1048576K
GC Heap History (8 events):
Event: 0.714 GC heap before
{Heap before GC invocations=1 (full 0):
 PSYoungGen      total 76288K, used 65536K [0x000000076b180000, 0x0000000770680000, 0x00000007c0000000)
  eden space 65536K, 100% used [0x000000076b180000,0x000000076f180000,0x000000076f180000)
  from space 10752K, 0% used [0x000000076fc00000,0x000000076fc00000,0x0000000770680000)
  to   space 10752K, 0% used [0x000000076f180000,0x000000076f180000,0x000000076fc00000)
 ParOldGen       total 175104K, used 0K [0x00000006c1400000, 0x00000006cbf00000, 0x000000076b180000)
  object space 175104K, 0% used [0x00000006c1400000,0x00000006c1400000,0x00000006cbf00000)
 Metaspace       used 8542K, capacity 8616K, committed 8832K, reserved 1056768K
  class space    used 1023K, capacity 1076K, committed 1152K, reserved 1048576K
Event: 0.722 GC heap after
Heap after GC invocations=1 (full 0):
 PSYoungGen      total 76288K, used 10729K [0x000000076b180000, 0x0000000774680000, 0x00000007c0000000)
  eden space 65536K, 0% used [0x000000076b180000,0x000000076b180000,0x000000076f180000)
  from space 10752K, 99% used [0x000000076f180000,0x000000076fbfa430,0x000000076fc00000)
  to   space 10752K, 0% used [0x0000000773c00000,0x0000000773c00000,0x0000000774680000)
 ParOldGen       total 175104K, used 5549K [0x00000006c1400000, 0x00000006cbf00000, 0x000000076b180000)
  object space 175104K, 3% used [0x00000006c1400000,0x00000006c196b748,0x00000006cbf00000)
 Metaspace       used 8542K, capacity 8616K, committed 8832K, reserved 1056768K
  class space    used 1023K, capacity 1076K, committed 1152K, reserved 1048576K
}
Event: 1.372 GC heap before
{Heap before GC invocations=2 (full 0):
 PSYoungGen      total 76288K, used 76265K [0x000000076b180000, 0x0000000774680000, 0x00000007c0000000)
  eden space 65536K, 100% used [0x000000076b180000,0x000000076f180000,0x000000076f180000)
  from space 10752K, 99% used [0x000000076f180000,0x000000076fbfa430,0x000000076fc00000)
  to   space 10752K, 0% used [0x0000000773c00000,0x0000000773c00000,0x0000000774680000)
 ParOldGen       total 175104K, used 5549K [0x00000006c1400000, 0x00000006cbf00000, 0x000000076b180000)
  object space 175104K, 3% used [0x00000006c1400000,0x00000006c196b748,0x00000006cbf00000)
 Metaspace       used 15519K, capacity 15658K, committed 15872K, reserved 1062912K
  class space    used 2011K, capacity 2047K, committed 2048K, reserved 1048576K
Event: 1.384 GC heap after
Heap after GC invocations=2 (full 0):
 PSYoungGen      total 141824K, used 10728K [0x000000076b180000, 0x0000000774680000, 0x00000007c0000000)
  eden space 131072K, 0% used [0x000000076b180000,0x000000076b180000,0x0000000773180000)
  from space 10752K, 99% used [0x0000000773c00000,0x000000077467a140,0x0000000774680000)
  to   space 10752K, 0% used [0x0000000773180000,0x0000000773180000,0x0000000773c00000)
 ParOldGen       total 175104K, used 19578K [0x00000006c1400000, 0x00000006cbf00000, 0x000000076b180000)
  object space 175104K, 11% used [0x00000006c1400000,0x00000006c271ea08,0x00000006cbf00000)
 Metaspace       used 15519K, capacity 15658K, committed 15872K, reserved 1062912K
  class space    used 2011K, capacity 2047K, committed 2048K, reserved 1048576K
}
Event: 2.760 GC heap before
{Heap before GC invocations=3 (full 0):
 PSYoungGen      total 141824K, used 69569K [0x000000076b180000, 0x0000000774680000, 0x00000007c0000000)
  eden space 131072K, 44% used [0x000000076b180000,0x000000076eaf6660,0x0000000773180000)
  from space 10752K, 99% used [0x0000000773c00000,0x000000077467a140,0x0000000774680000)
  to   space 10752K, 0% used [0x0000000773180000,0x0000000773180000,0x0000000773c00000)
 ParOldGen       total 175104K, used 19578K [0x00000006c1400000, 0x00000006cbf00000, 0x000000076b180000)
  object space 175104K, 11% used [0x00000006c1400000,0x00000006c271ea08,0x00000006cbf00000)
 Metaspace       used 20930K, capacity 21132K, committed 21248K, reserved 1067008K
  class space    used 2640K, capacity 2718K, committed 2816K, reserved 1048576K
Event: 2.772 GC heap after
Heap after GC invocations=3 (full 0):
 PSYoungGen      total 141824K, used 10729K [0x000000076b180000, 0x000000077c680000, 0x00000007c0000000)
  eden space 131072K, 0% used [0x000000076b180000,0x000000076b180000,0x0000000773180000)
  from space 10752K, 99% used [0x0000000773180000,0x0000000773bfa520,0x0000000773c00000)
  to   space 10752K, 0% used [0x000000077bc00000,0x000000077bc00000,0x000000077c680000)
 ParOldGen       total 175104K, used 25455K [0x00000006c1400000, 0x00000006cbf00000, 0x000000076b180000)
  object space 175104K, 14% used [0x00000006c1400000,0x00000006c2cdbda8,0x00000006cbf00000)
 Metaspace       used 20930K, capacity 21132K, committed 21248K, reserved 1067008K
  class space    used 2640K, capacity 2718K, committed 2816K, reserved 1048576K
}
Event: 2.772 GC heap before
{Heap before GC invocations=4 (full 1):
 PSYoungGen      total 141824K, used 10729K [0x000000076b180000, 0x000000077c680000, 0x00000007c0000000)
  eden space 131072K, 0% used [0x000000076b180000,0x000000076b180000,0x0000000773180000)
  from space 10752K, 99% used [0x0000000773180000,0x0000000773bfa520,0x0000000773c00000)
  to   space 10752K, 0% used [0x000000077bc00000,0x000000077bc00000,0x000000077c680000)
 ParOldGen       total 175104K, used 25455K [0x00000006c1400000, 0x00000006cbf00000, 0x000000076b180000)
  object space 175104K, 14% used [0x00000006c1400000,0x00000006c2cdbda8,0x00000006cbf00000)
 Metaspace       used 20930K, capacity 21132K, committed 21248K, reserved 1067008K
  class space    used 2640K, capacity 2718K, committed 2816K, reserved 1048576K
Event: 2.840 GC heap after
Heap after GC invocations=4 (full 1):
 PSYoungGen      total 141824K, used 0K [0x000000076b180000, 0x000000077c680000, 0x00000007c0000000)
  eden space 131072K, 0% used [0x000000076b180000,0x000000076b180000,0x0000000773180000)
  from space 10752K, 0% used [0x0000000773180000,0x0000000773180000,0x0000000773c00000)
  to   space 10752K, 0% used [0x000000077bc00000,0x000000077bc00000,0x000000077c680000)
 ParOldGen       total 144896K, used 20577K [0x00000006c1400000, 0x00000006ca180000, 0x000000076b180000)
  object space 144896K, 14% used [0x00000006c1400000,0x00000006c28187a8,0x00000006ca180000)
 Metaspace       used 20930K, capacity 21132K, committed 21248K, reserved 1067008K
  class space    used 2640K, capacity 2718K, committed 2816K, reserved 1048576K
}

